Performing C++ SOURCE FILE Test CMAKE_HAVE_LIBC_PTHREAD failed with the following output:
Change Dir: /code/OCRTransformer/plugin/resize/CMakeFiles/CMakeTmp

Run Build Command(s):/usr/bin/make cmTC_8e8f5/fast && /usr/bin/make -f CMakeFiles/cmTC_8e8f5.dir/build.make CMakeFiles/cmTC_8e8f5.dir/build
make[1]: Entering directory '/code/OCRTransformer/plugin/resize/CMakeFiles/CMakeTmp'
Building CXX object CMakeFiles/cmTC_8e8f5.dir/src.cxx.o
/usr/bin/c++    -DCMAKE_HAVE_LIBC_PTHREAD   -o CMakeFiles/cmTC_8e8f5.dir/src.cxx.o -c /code/OCRTransformer/plugin/resize/CMakeFiles/CMakeTmp/src.cxx
Linking CXX executable cmTC_8e8f5
/usr/local/bin/cmake -E cmake_link_script CMakeFiles/cmTC_8e8f5.dir/link.txt --verbose=1
/usr/bin/c++   -DCMAKE_HAVE_LIBC_PTHREAD    CMakeFiles/cmTC_8e8f5.dir/src.cxx.o  -o cmTC_8e8f5 
CMakeFiles/cmTC_8e8f5.dir/src.cxx.o: In function `main':
src.cxx:(.text+0x3e): undefined reference to `pthread_create'
src.cxx:(.text+0x4a): undefined reference to `pthread_detach'
src.cxx:(.text+0x5b): undefined reference to `pthread_join'
src.cxx:(.text+0x6f): undefined reference to `pthread_atfork'
collect2: error: ld returned 1 exit status
CMakeFiles/cmTC_8e8f5.dir/build.make:86: recipe for target 'cmTC_8e8f5' failed
make[1]: *** [cmTC_8e8f5] Error 1
make[1]: Leaving directory '/code/OCRTransformer/plugin/resize/CMakeFiles/CMakeTmp'
Makefile:121: recipe for target 'cmTC_8e8f5/fast' failed
make: *** [cmTC_8e8f5/fast] Error 2


Source file was:
#include <pthread.h>

void* test_func(void* data)
{
  return data;
}

int main(void)
{
  pthread_t thread;
  pthread_create(&thread, NULL, test_func, NULL);
  pthread_detach(thread);
  pthread_join(thread, NULL);
  pthread_atfork(NULL, NULL, NULL);
  pthread_exit(NULL);

  return 0;
}

Determining if the function pthread_create exists in the pthreads failed with the following output:
Change Dir: /code/OCRTransformer/plugin/resize/CMakeFiles/CMakeTmp

Run Build Command(s):/usr/bin/make cmTC_2f81b/fast && /usr/bin/make -f CMakeFiles/cmTC_2f81b.dir/build.make CMakeFiles/cmTC_2f81b.dir/build
make[1]: Entering directory '/code/OCRTransformer/plugin/resize/CMakeFiles/CMakeTmp'
Building CXX object CMakeFiles/cmTC_2f81b.dir/CheckFunctionExists.cxx.o
/usr/bin/c++    -DCHECK_FUNCTION_EXISTS=pthread_create   -o CMakeFiles/cmTC_2f81b.dir/CheckFunctionExists.cxx.o -c /code/OCRTransformer/plugin/resize/CMakeFiles/CheckLibraryExists/CheckFunctionExists.cxx
Linking CXX executable cmTC_2f81b
/usr/local/bin/cmake -E cmake_link_script CMakeFiles/cmTC_2f81b.dir/link.txt --verbose=1
/usr/bin/c++   -DCHECK_FUNCTION_EXISTS=pthread_create    CMakeFiles/cmTC_2f81b.dir/CheckFunctionExists.cxx.o  -o cmTC_2f81b  -lpthreads 
/usr/bin/ld: cannot find -lpthreads
collect2: error: ld returned 1 exit status
CMakeFiles/cmTC_2f81b.dir/build.make:86: recipe for target 'cmTC_2f81b' failed
make[1]: *** [cmTC_2f81b] Error 1
make[1]: Leaving directory '/code/OCRTransformer/plugin/resize/CMakeFiles/CMakeTmp'
Makefile:121: recipe for target 'cmTC_2f81b/fast' failed
make: *** [cmTC_2f81b/fast] Error 2



Determining if the pthread_create exist failed with the following output:
Change Dir: /code/OCRTransformer/plugin/resize/CMakeFiles/CMakeTmp

Run Build Command:"/usr/bin/make" "cmTC_a9040/fast"
/usr/bin/make -f CMakeFiles/cmTC_a9040.dir/build.make CMakeFiles/cmTC_a9040.dir/build
make[1]: Entering directory '/code/OCRTransformer/plugin/resize/CMakeFiles/CMakeTmp'
Building CXX object CMakeFiles/cmTC_a9040.dir/CheckSymbolExists.cxx.o
/usr/bin/c++     -o CMakeFiles/cmTC_a9040.dir/CheckSymbolExists.cxx.o -c /code/OCRTransformer/plugin/resize/CMakeFiles/CMakeTmp/CheckSymbolExists.cxx
Linking CXX executable cmTC_a9040
/usr/local/bin/cmake -E cmake_link_script CMakeFiles/cmTC_a9040.dir/link.txt --verbose=1
/usr/bin/c++       CMakeFiles/cmTC_a9040.dir/CheckSymbolExists.cxx.o  -o cmTC_a9040 
CMakeFiles/cmTC_a9040.dir/CheckSymbolExists.cxx.o: In function `main':
CheckSymbolExists.cxx:(.text+0x1b): undefined reference to `pthread_create'
collect2: error: ld returned 1 exit status
CMakeFiles/cmTC_a9040.dir/build.make:86: recipe for target 'cmTC_a9040' failed
make[1]: *** [cmTC_a9040] Error 1
make[1]: Leaving directory '/code/OCRTransformer/plugin/resize/CMakeFiles/CMakeTmp'
Makefile:121: recipe for target 'cmTC_a9040/fast' failed
make: *** [cmTC_a9040/fast] Error 2

File /code/OCRTransformer/plugin/resize/CMakeFiles/CMakeTmp/CheckSymbolExists.cxx:
/* */
#include <pthread.h>

int main(int argc, char** argv)
{
  (void)argv;
#ifndef pthread_create
  return ((int*)(&pthread_create))[argc];
#else
  (void)argc;
  return 0;
#endif
}

